<?xml version="1.0" encoding="UTF-8"?>
<testsuite name="com.nie.JTool.JToolApplicationTests" tests="1" skipped="0" failures="0" errors="0" timestamp="2024-06-24T05:35:21" hostname="JunyudeMacBook-Pro.local" time="0.429">
  <properties/>
  <testcase name="contextLoads()" classname="com.nie.JTool.JToolApplicationTests" time="0.429"/>
  <system-out><![CDATA[13:35:20.604 [Test worker] INFO org.springframework.test.context.support.AnnotationConfigContextLoaderUtils -- Could not detect default configuration classes for test class [com.nie.JTool.JToolApplicationTests]: JToolApplicationTests does not declare any static, non-private, non-final, nested classes annotated with @Configuration.
13:35:20.649 [Test worker] INFO org.springframework.boot.test.context.SpringBootTestContextBootstrapper -- Found @SpringBootConfiguration com.nie.JTool.JToolApplication for test class com.nie.JTool.JToolApplicationTests

  .   ____          _            __ _ _
 /\\ / ___'_ __ _ _(_)_ __  __ _ \ \ \ \
( ( )\___ | '_ | '_| | '_ \/ _` | \ \ \ \
 \\/  ___)| |_)| | | | | || (_| |  ) ) ) )
  '  |____| .__|_| |_|_| |_\__, | / / / /
 =========|_|==============|___/=/_/_/_/

 :: Spring Boot ::                (v3.3.1)

2024-06-24T13:35:20.814+08:00  INFO 22343 --- [JTool] [    Test worker] com.nie.JTool.JToolApplicationTests      : Starting JToolApplicationTests using Java 21.0.3 with PID 22343 (started by yu in /Users/yu/my/github/JTool/server)
2024-06-24T13:35:20.814+08:00  INFO 22343 --- [JTool] [    Test worker] com.nie.JTool.JToolApplicationTests      : No active profile set, falling back to 1 default profile: "default"
2024-06-24T13:35:21.292+08:00  INFO 22343 --- [JTool] [    Test worker] com.nie.JTool.JToolApplicationTests      : Started JToolApplicationTests in 0.581 seconds (process running for 1.122)
]]></system-out>
  <system-err><![CDATA[WARNING: A Java agent has been loaded dynamically (/Users/yu/my/software/gradle-7.6/caches/modules-2/files-2.1/net.bytebuddy/byte-buddy-agent/1.14.17/e3c251a39dc90badaf71c83427ba46840f219d8d/byte-buddy-agent-1.14.17.jar)
WARNING: If a serviceability tool is in use, please run with -XX:+EnableDynamicAgentLoading to hide this warning
WARNING: If a serviceability tool is not in use, please run with -Djdk.instrument.traceUsage for more information
WARNING: Dynamic loading of agents will be disallowed by default in a future release
]]></system-err>
</testsuite>
